<?xml version="1.0" encoding="UTF-8"?>
<testng-results ignored="0" total="1" passed="1" failed="0" skipped="0">
  <reporter-output>
  </reporter-output>
  <suite started-at="2023-03-08T07:51:46 EET" name="Suite" finished-at="2023-03-08T07:51:52 EET" duration-ms="5416">
    <groups>
    </groups>
    <test started-at="2023-03-08T07:51:46 EET" name="Test" finished-at="2023-03-08T07:51:52 EET" duration-ms="5416">
      <class name="com.Restaurant.Testcases.VerifyvaliduserLoginTest">
        <test-method is-config="true" signature="loadConfig()[pri:0, instance:com.Restaurant.Testcases.VerifyvaliduserLoginTest@293a5bf6]" started-at="2023-03-08T07:51:46 EET" name="loadConfig" finished-at="2023-03-08T07:51:46 EET" duration-ms="235" status="PASS">
          <reporter-output>
          </reporter-output>
        </test-method> <!-- loadConfig -->
        <test-method is-config="true" signature="firstcall(java.lang.String)[pri:0, instance:com.Restaurant.Testcases.VerifyvaliduserLoginTest@293a5bf6]" started-at="2023-03-08T07:51:46 EET" name="firstcall" finished-at="2023-03-08T07:51:50 EET" duration-ms="3249" status="PASS">
          <params>
            <param index="0">
              <value>
                <![CDATA[Chrome]]>
              </value>
            </param>
          </params>
          <reporter-output>
          </reporter-output>
        </test-method> <!-- firstcall -->
        <test-method signature="VerifyUserLogin()[pri:0, instance:com.Restaurant.Testcases.VerifyvaliduserLoginTest@293a5bf6]" started-at="2023-03-08T07:51:50 EET" name="VerifyUserLogin" finished-at="2023-03-08T07:51:52 EET" duration-ms="2041" status="PASS">
          <reporter-output>
          </reporter-output>
        </test-method> <!-- VerifyUserLogin -->
        <test-method is-config="true" signature="Close()[pri:0, instance:com.Restaurant.Testcases.VerifyvaliduserLoginTest@293a5bf6]" started-at="2023-03-08T07:51:52 EET" name="Close" finished-at="2023-03-08T07:51:52 EET" duration-ms="91" status="PASS">
          <reporter-output>
          </reporter-output>
        </test-method> <!-- Close -->
        <test-method is-config="true" signature="Closing()[pri:0, instance:com.Restaurant.Testcases.VerifyvaliduserLoginTest@293a5bf6]" started-at="2023-03-08T07:51:52 EET" name="Closing" finished-at="2023-03-08T07:51:52 EET" duration-ms="347" status="PASS">
          <reporter-output>
          </reporter-output>
        </test-method> <!-- Closing -->
      </class> <!-- com.Restaurant.Testcases.VerifyvaliduserLoginTest -->
    </test> <!-- Test -->
  </suite> <!-- Suite -->
</testng-results>
