<?xml version="1.0" encoding="UTF-8"?>
<testng-results ignored="2" total="4" passed="2" failed="0" skipped="0">
  <reporter-output>
  </reporter-output>
  <suite started-at="2022-12-14T08:56:04 IST" name="SMOKE" finished-at="2022-12-14T08:56:04 IST" duration-ms="52">
    <groups>
      <group name="SMK">
        <method signature="DogInsuranceTest.WebLoginForD()[pri:2, instance:Insurance.DogInsuranceTest@59fd97a8]" name="WebLoginForD" class="Insurance.DogInsuranceTest"/>
        <method signature="DogInsuranceTest.MobileLoginForD()[pri:5, instance:Insurance.DogInsuranceTest@59fd97a8]" name="MobileLoginForD" class="Insurance.DogInsuranceTest"/>
      </group> <!-- SMK -->
    </groups>
    <test started-at="2022-12-14T08:56:04 IST" name="Test" finished-at="2022-12-14T08:56:04 IST" duration-ms="52">
      <class name="Insurance.DogInsuranceTest">
        <test-method signature="WebLoginForD()[pri:2, instance:Insurance.DogInsuranceTest@59fd97a8]" started-at="2022-12-14T08:56:04 IST" name="WebLoginForD" finished-at="2022-12-14T08:56:04 IST" duration-ms="11" status="PASS">
          <reporter-output>
          </reporter-output>
        </test-method> <!-- WebLoginForD -->
        <test-method signature="MobileLoginForD()[pri:5, instance:Insurance.DogInsuranceTest@59fd97a8]" started-at="2022-12-14T08:56:04 IST" name="MobileLoginForD" finished-at="2022-12-14T08:56:04 IST" duration-ms="1" status="PASS">
          <reporter-output>
          </reporter-output>
        </test-method> <!-- MobileLoginForD -->
      </class> <!-- Insurance.DogInsuranceTest -->
    </test> <!-- Test -->
  </suite> <!-- SMOKE -->
</testng-results>
