<?xml version="1.0" encoding="UTF-8"?>
<testng-results ignored="0" total="1" passed="1" failed="0" skipped="0">
  <reporter-output>
  </reporter-output>
  <suite started-at="2022-11-25T09:17:12 IST" name="Default suite" finished-at="2022-11-25T09:17:17 IST" duration-ms="4879">
    <groups>
    </groups>
    <test started-at="2022-11-25T09:17:12 IST" name="Default test" finished-at="2022-11-25T09:17:17 IST" duration-ms="4879">
      <class name="Insurance.JavaScriptExecutorInSele">
        <test-method signature="DragAndDropInSele()[pri:0, instance:Insurance.JavaScriptExecutorInSele@479d31f3]" started-at="2022-11-25T09:17:12 IST" name="DragAndDropInSele" finished-at="2022-11-25T09:17:17 IST" duration-ms="4828" status="PASS">
          <reporter-output>
          </reporter-output>
        </test-method> <!-- DragAndDropInSele -->
      </class> <!-- Insurance.JavaScriptExecutorInSele -->
    </test> <!-- Default test -->
  </suite> <!-- Default suite -->
</testng-results>
