<?xml version="1.0" encoding="UTF-8"?>
<!-- Generated by org.testng.reporters.JUnitXMLReporter -->
<testsuite ignored="2" hostname="JarvisLaptop" failures="0" tests="2" name="Test" time="0.052" errors="0" timestamp="2022-12-14T08:56:04 IST">
  <testcase classname="Insurance.DogInsuranceTest" name="WebLoginForD" time="0.011"/>
  <testcase classname="Insurance.DogInsuranceTest" name="MobileLoginForD" time="0.001"/>
  <testcase classname="Insurance.DogInsuranceTest" name="MobileLogOutForD" time="0.0">
    <ignored/>
  </testcase> <!-- MobileLogOutForD -->
  <testcase classname="Insurance.DogInsuranceTest" name="WebLogOutForD" time="0.0">
    <ignored/>
  </testcase> <!-- WebLogOutForD -->
</testsuite> <!-- Test -->
