<?xml version="1.0" encoding="UTF-8"?>
<!-- Generated by org.testng.reporters.JUnitXMLReporter -->
<testsuite ignored="2" hostname="JarvisLaptop" failures="1" tests="2" name="Test" time="0.071" errors="0" timestamp="2022-11-22T08:51:26 IST">
  <testcase classname="Insurance.DogInsuranceTest" name="WebLoginForD" time="0.01"/>
  <testcase classname="Insurance.DogInsuranceTest" name="MobileLoginForD" time="0.005">
    <failure type="java.lang.AssertionError" message="expected [true] but found [false]">
      <![CDATA[java.lang.AssertionError: expected [true] but found [false]
at Insurance.DogInsuranceTest.MobileLoginForD(DogInsuranceTest.java:11)
at java.base/java.util.ArrayList.forEach(ArrayList.java:1511)
... Removed 33 stack frames]]>
    </failure>
  </testcase> <!-- MobileLoginForD -->
  <testcase classname="Insurance.DogInsuranceTest" name="MobileLogOutForD" time="0.0">
    <ignored/>
  </testcase> <!-- MobileLogOutForD -->
  <testcase classname="Insurance.DogInsuranceTest" name="WebLogOutForD" time="0.0">
    <ignored/>
  </testcase> <!-- WebLogOutForD -->
</testsuite> <!-- Test -->
