<?xml version="1.0" encoding="UTF-8"?>
<testng-results ignored="0" total="1" passed="1" failed="0" skipped="0">
  <reporter-output>
  </reporter-output>
  <suite started-at="2022-12-06T09:29:59 IST" name="Default suite" finished-at="2022-12-06T09:30:02 IST" duration-ms="3150">
    <groups>
    </groups>
    <test started-at="2022-12-06T09:29:59 IST" name="Default test" finished-at="2022-12-06T09:30:02 IST" duration-ms="3150">
      <class name="Swaglabs.VerifyUserLoginTest">
        <test-method signature="UserLoginToSwagLabs()[pri:0, instance:Swaglabs.VerifyUserLoginTest@479d31f3]" started-at="2022-12-06T09:29:59 IST" name="UserLoginToSwagLabs" finished-at="2022-12-06T09:30:02 IST" duration-ms="3104" status="PASS">
          <reporter-output>
          </reporter-output>
        </test-method> <!-- UserLoginToSwagLabs -->
      </class> <!-- Swaglabs.VerifyUserLoginTest -->
    </test> <!-- Default test -->
  </suite> <!-- Default suite -->
</testng-results>
