<?xml version="1.0" encoding="UTF-8"?>
<!-- Generated by org.testng.reporters.JUnitXMLReporter -->
<testsuite ignored="2" hostname="JarvisLaptop" failures="1" tests="2" name="Regression" time="22.85" errors="0" timestamp="2022-12-22T07:49:16 IST">
  <testcase classname="com.Restaurant.Testcases.VerifyvaliduserLoginTest" name="VerifyUserLogin" time="3.55">
    <failure type="java.lang.AssertionError" message="expected [true] but found [false]">
      <![CDATA[java.lang.AssertionError: expected [true] but found [false]
at com.Restaurant.Testcases.VerifyvaliduserLoginTest.VerifyUserLogin(VerifyvaliduserLoginTest.java:19)
at java.base/java.util.ArrayList.forEach(ArrayList.java:1511)
at java.base/java.util.concurrent.FutureTask.run(FutureTask.java:264)
at java.base/java.util.concurrent.ThreadPoolExecutor.runWorker(ThreadPoolExecutor.java:1130)
at java.base/java.util.concurrent.ThreadPoolExecutor$Worker.run(ThreadPoolExecutor.java:630)
at java.base/java.lang.Thread.run(Thread.java:831)
... Removed 22 stack frames]]>
    </failure>
  </testcase> <!-- VerifyUserLogin -->
  <testcase classname="com.Restaurant.Testcases.VerifyvaliduserLoginTest2" name="VerifyUserLogin" time="3.267"/>
  <testcase classname="com.Restaurant.BaseClass.BaseClass" name="@AfterSuite Closing" time="0.0">
    <ignored/>
  </testcase> <!-- @AfterSuite Closing -->
  <testcase classname="com.Restaurant.BaseClass.BaseClass" name="@BeforeSuite loadConfig" time="0.0">
    <ignored/>
  </testcase> <!-- @BeforeSuite loadConfig -->
</testsuite> <!-- Regression -->
