<?xml version="1.0" encoding="UTF-8"?>
<!-- Generated by org.testng.reporters.JUnitXMLReporter -->
<testsuite ignored="2" hostname="JarvisLaptop" failures="0" tests="2" name="Test1" time="12.725" errors="0" timestamp="2022-12-16T07:57:23 IST">
  <testcase classname="com.Restaurant.Testcases.VerifyvaliduserLoginTest" name="VerifyUserLogin" time="2.66"/>
  <testcase classname="com.Restaurant.Testcases.VerifyvaliduserLoginTest2" name="VerifyUserLogin" time="2.588"/>
  <testcase classname="com.Restaurant.BaseClass.BaseClass" name="@AfterSuite Closing" time="0.0">
    <ignored/>
  </testcase> <!-- @AfterSuite Closing -->
  <testcase classname="com.Restaurant.BaseClass.BaseClass" name="@BeforeSuite loadConfig" time="0.0">
    <ignored/>
  </testcase> <!-- @BeforeSuite loadConfig -->
</testsuite> <!-- Test1 -->
