<?xml version="1.0" encoding="UTF-8"?>
<!-- Generated by org.testng.reporters.JUnitXMLReporter -->
<testsuite ignored="2" hostname="JarvisLaptop" failures="1" tests="14" name="Test" time="0.099" errors="0" timestamp="2022-11-10T09:21:20 IST">
  <testcase classname="Insurance.DogInsuranceTest" name="MobileLogOutForD" time="0.008"/>
  <testcase classname="Insurance.DogInsuranceTest" name="WebLogOutForD" time="0.002"/>
  <testcase classname="Insurance.DogInsuranceTest" name="WebLoginForD" time="0.001"/>
  <testcase classname="Insurance.DogInsuranceTest" name="MobileLoginForD" time="0.005">
    <failure type="java.lang.AssertionError" message="expected [true] but found [false]">
      <![CDATA[java.lang.AssertionError: expected [true] but found [false]
at Insurance.DogInsuranceTest.MobileLoginForD(DogInsuranceTest.java:12)
at java.base/java.util.ArrayList.forEach(ArrayList.java:1511)
... Removed 33 stack frames]]>
    </failure>
  </testcase> <!-- MobileLoginForD -->
  <testcase classname="Insurance.HomeInsuranceTest" name="MobileLogOutForH" time="0.003"/>
  <testcase classname="Insurance.HomeInsuranceTest" name="MobileLoginForH" time="0.002"/>
  <testcase classname="Insurance.HomeInsuranceTest" name="WebLogOutForH" time="0.002"/>
  <testcase classname="Insurance.HomeInsuranceTest" name="WebLoginForH" time="0.001"/>
  <testcase classname="Insurance.VehicleInsuranceTest" name="MobileLogOutForV" time="0.001"/>
  <testcase classname="Insurance.VehicleInsuranceTest" name="MobileLoginForV" time="0.001"/>
  <testcase classname="Insurance.LifeInsuranceTest" name="MobileLogOutForL" time="0.0"/>
  <testcase classname="Insurance.LifeInsuranceTest" name="MobileLoginForL" time="0.001"/>
  <testcase classname="Insurance.LifeInsuranceTest" name="WebLogOutForL" time="0.001"/>
  <testcase classname="Insurance.LifeInsuranceTest" name="WebLoginForL" time="0.001"/>
  <testcase classname="Insurance.VehicleInsuranceTest" name="WebLoginForV" time="0.0">
    <ignored/>
  </testcase> <!-- WebLoginForV -->
  <testcase classname="Insurance.VehicleInsuranceTest" name="WebLogOutForV" time="0.0">
    <ignored/>
  </testcase> <!-- WebLogOutForV -->
</testsuite> <!-- Test -->
