<?xml version="1.0" encoding="UTF-8"?>
<!-- Generated by org.testng.reporters.JUnitXMLReporter -->
<testsuite hostname="JarvisLaptop" ignored="2" name="Test" tests="2" failures="0" timestamp="2022-12-01T09:10:27 IST" time="0.059" errors="0">
  <testcase name="WebLoginForD" time="0.008" classname="Insurance.DogInsuranceTest"/>
  <testcase name="MobileLoginForD" time="0.001" classname="Insurance.DogInsuranceTest"/>
  <testcase name="MobileLogOutForD" time="0.0" classname="Insurance.DogInsuranceTest">
    <ignored/>
  </testcase> <!-- MobileLogOutForD -->
  <testcase name="WebLogOutForD" time="0.0" classname="Insurance.DogInsuranceTest">
    <ignored/>
  </testcase> <!-- WebLogOutForD -->
</testsuite> <!-- Test -->
